C51 COMPILER V9.00   MAIN                                                                  05/30/2019 21:50:16 PAGE 1   


C51 COMPILER V9.00, COMPILATION OF MODULE MAIN
OBJECT MODULE PLACED IN ..\Objects\main.obj
COMPILER INVOKED BY: D:\Keil\C51\BIN\C51.EXE ..\c_and_h\main.c LARGE BROWSE INCDIR(..\c_and_h) DEBUG OBJECTEXTEND PRINT(
                    -..\Listings\main.lst) OBJECT(..\Objects\main.obj)

line level    source

   1          #include <all.h>
   2          
   3          
   4          void main()
   5          {
   6   1         P5M0 = 0;
   7   1         P5M1 = 0;
   8   1         P3M0 = 0;
   9   1         P3M1 = 0;
  10   1         UartInit();          //9600bps@30MHz 定时器1波特率发生器
  11   1         Modbus_Init();  //利用定时器2来计算数据帧 定时30MHz@1MS
  12   1         while(1)
  13   1         {
  14   2      
  15   2                      Modbus_data_Decode();
  16   2                      
  17   2         }
  18   1      }


MODULE INFORMATION:   STATIC OVERLAYABLE
   CODE SIZE        =     20    ----
   CONSTANT SIZE    =   ----    ----
   XDATA SIZE       =   ----    ----
   PDATA SIZE       =   ----    ----
   DATA SIZE        =   ----    ----
   IDATA SIZE       =   ----    ----
   BIT SIZE         =   ----    ----
END OF MODULE INFORMATION.


C51 COMPILATION COMPLETE.  0 WARNING(S),  0 ERROR(S)
