C51 COMPILER V9.00   UART                                                                  05/30/2019 21:50:16 PAGE 1   


C51 COMPILER V9.00, COMPILATION OF MODULE UART
OBJECT MODULE PLACED IN ..\Objects\UART.obj
COMPILER INVOKED BY: D:\Keil\C51\BIN\C51.EXE ..\c_and_h\UART.c LARGE BROWSE INCDIR(..\c_and_h) DEBUG OBJECTEXTEND PRINT(
                    -..\Listings\UART.lst) OBJECT(..\Objects\UART.obj)

line level    source

   1          #include <all.h>
   2          
   3          
   4          unsigned char UART_Byte_Value = 1;  //发送字节计数
   5          unsigned char UART_OFF = 1;//发送结束标志符
   6          void UartInit(void);            //9600bps@30MHz
   7          
   8          void UartInit(void)             //9600bps@30MHz
   9          {
  10   1              SCON = 0x50;            //8位数据,可变波特率
  11   1              AUXR |= 0x40;           //定时器1时钟为Fosc,即1T
  12   1              AUXR &= 0xFE;           //串口1选择定时器1为波特率发生器
  13   1              TMOD &= 0x0F;           //设定定时器1为16位自动重装方式
  14   1              TL1 = 0xf3;             //设定定时初值
  15   1              TH1 = 0xFc;             //设定定时初值
  16   1              ET1 = 0;                //禁止定时器1中断
  17   1              TR1 = 1;                //启动定时器1
  18   1              EA = 1;
  19   1              ES = 1;
  20   1      }
  21          
  22          
  23          void UART1_Rountine(void) interrupt 4   //串口1
  24          {
  25   1              if(RI)
  26   1              {       
  27   2                      unsigned char  j,Check,Data,CRC_H,CRC_L;
  28   2                              
  29   2                      Modbus_CRC[1] = Modbus_CRC[2];
  30   2                      Modbus_CRC[0] = Modbus_CRC[3];
  31   2                      Modbus_CRC[3] = Modbus_CRC[5];
  32   2                      Modbus_CRC[2] = Modbus_CRC[4];
  33   2                      Modbus_Read_Buffer[Modbus_Read_Value++] = SBUF;
  34   2                      Data = SBUF;
  35   2                      CRC_Reg = CRC_Reg ^ Data;
  36   2                      for(j=0;j<8;j++)
  37   2                      {
  38   3                              Check = CRC_Reg & 0x0001;
  39   3                              CRC_Reg >>= 1;
  40   3                              if(Check==0x0001)
  41   3                              {
  42   4                                      CRC_Reg ^= 0xA001;
  43   4                              }
  44   3                      
  45   3                      }
  46   2                      CRC_H = CRC_Reg >> 8;
  47   2                      CRC_L = CRC_Reg & 0x00ff;
  48   2                      Modbus_CRC[5] = CRC_L;
  49   2                      Modbus_CRC[4] = CRC_H;      
  50   2      
  51   2                      RI = 0;         
  52   2              }
  53   1              if(TI)
  54   1                      {                       
C51 COMPILER V9.00   UART                                                                  05/30/2019 21:50:16 PAGE 2   

  55   2                              static unsigned char Send_Value = 1;
  56   2                              TI = 0;
  57   2                              if(!UART_OFF)
  58   2                              {
  59   3                                       if(Send_Value < UART_Byte_Value)
  60   3                                      {
  61   4                                              SBUF = Modbus_Send[Send_Value++];
  62   4                                      }
  63   3                                      else
  64   3                                      {
  65   4                                               UART_Byte_Value = 0;
  66   4                                               Send_Value = 1;
  67   4                                               UART_OFF = 1; 
  68   4                                      }
  69   3                              }
  70   2                              
  71   2                      }       
  72   1      }
  73          
  74          
  75          
  76          
  77          
  78          


MODULE INFORMATION:   STATIC OVERLAYABLE
   CODE SIZE        =    294    ----
   CONSTANT SIZE    =   ----    ----
   XDATA SIZE       =      3       5
   PDATA SIZE       =   ----    ----
   DATA SIZE        =   ----    ----
   IDATA SIZE       =   ----    ----
   BIT SIZE         =   ----    ----
END OF MODULE INFORMATION.


C51 COMPILATION COMPLETE.  0 WARNING(S),  0 ERROR(S)
